CRITICAL - 2022-06-20 04:30:52 --> syntax error, unexpected '}', expecting ';'
#0 C:\xampp\htdocs\Lab11Web\lab11_php_ci\system\Autoloader\Autoloader.php(241): CodeIgniter\Autoloader\Autoloader->includeFile('C:\\xampp\\htdocs...')
#1 C:\xampp\htdocs\Lab11Web\lab11_php_ci\system\Autoloader\Autoloader.php(219): CodeIgniter\Autoloader\Autoloader->loadInNamespace('App\\Controllers...')
#2 [internal function]: CodeIgniter\Autoloader\Autoloader->loadClass('App\\Controllers...')
#3 [internal function]: spl_autoload_call('App\\Controllers...')
#4 C:\xampp\htdocs\Lab11Web\lab11_php_ci\system\CodeIgniter.php(797): class_exists('\\App\\Controller...', true)
#5 C:\xampp\htdocs\Lab11Web\lab11_php_ci\system\CodeIgniter.php(406): CodeIgniter\CodeIgniter->startController()
#6 C:\xampp\htdocs\Lab11Web\lab11_php_ci\system\CodeIgniter.php(326): CodeIgniter\CodeIgniter->handleRequest(NULL, Object(Config\Cache), false)
#7 C:\xampp\htdocs\Lab11Web\lab11_php_ci\public\index.php(37): CodeIgniter\CodeIgniter->run()
#8 C:\xampp\htdocs\Lab11Web\lab11_php_ci\system\Commands\Server\rewrite.php(43): require_once('C:\\xampp\\htdocs...')
#9 {main}
CRITICAL - 2022-06-20 04:32:04 --> syntax error, unexpected '}', expecting ';'
#0 C:\xampp\htdocs\Lab11Web\lab11_php_ci\system\Autoloader\Autoloader.php(241): CodeIgniter\Autoloader\Autoloader->includeFile('C:\\xampp\\htdocs...')
#1 C:\xampp\htdocs\Lab11Web\lab11_php_ci\system\Autoloader\Autoloader.php(219): CodeIgniter\Autoloader\Autoloader->loadInNamespace('App\\Controllers...')
#2 [internal function]: CodeIgniter\Autoloader\Autoloader->loadClass('App\\Controllers...')
#3 [internal function]: spl_autoload_call('App\\Controllers...')
#4 C:\xampp\htdocs\Lab11Web\lab11_php_ci\system\CodeIgniter.php(797): class_exists('\\App\\Controller...', true)
#5 C:\xampp\htdocs\Lab11Web\lab11_php_ci\system\CodeIgniter.php(406): CodeIgniter\CodeIgniter->startController()
#6 C:\xampp\htdocs\Lab11Web\lab11_php_ci\system\CodeIgniter.php(326): CodeIgniter\CodeIgniter->handleRequest(NULL, Object(Config\Cache), false)
#7 C:\xampp\htdocs\Lab11Web\lab11_php_ci\public\index.php(37): CodeIgniter\CodeIgniter->run()
#8 C:\xampp\htdocs\Lab11Web\lab11_php_ci\system\Commands\Server\rewrite.php(43): require_once('C:\\xampp\\htdocs...')
#9 {main}
CRITICAL - 2022-06-20 05:29:50 --> Class 'Config\Auth' not found
#0 C:\xampp\htdocs\Lab11Web\lab11_php_ci\system\CodeIgniter.php(393): CodeIgniter\Filters\Filters->run('admin/artikel', 'before')
#1 C:\xampp\htdocs\Lab11Web\lab11_php_ci\system\CodeIgniter.php(326): CodeIgniter\CodeIgniter->handleRequest(NULL, Object(Config\Cache), false)
#2 C:\xampp\htdocs\Lab11Web\lab11_php_ci\public\index.php(37): CodeIgniter\CodeIgniter->run()
#3 C:\xampp\htdocs\Lab11Web\lab11_php_ci\system\Commands\Server\rewrite.php(43): require_once('C:\\xampp\\htdocs...')
#4 {main}
